<?xml version="1.0" encoding="UTF-8"?>
<!-- Generated by org.testng.reporters.JUnitReportReporter -->
<testsuite hostname="DESKTOP-PN8R175" failures="0" tests="1" name="ElementPageTestCases.WebTableTC" time="0.330" errors="0" timestamp="2023-12-15T23:08:34 EST" skipped="0">
  <testcase classname="ElementPageTestCases.WebTableTC" name="WebTableTestCases" time="0.330"/>
  <system-out/>
</testsuite> <!-- ElementPageTestCases.WebTableTC -->
