<?xml version="1.0" encoding="UTF-8"?>
<!-- Generated by org.testng.reporters.JUnitReportReporter -->
<testsuite hostname="DESKTOP-PN8R175" failures="0" tests="1" name="ElementPageTestCases.LinkPageTC" time="3.809" errors="0" timestamp="2023-12-19T17:59:11 EST" skipped="0">
  <testcase classname="ElementPageTestCases.LinkPageTC" name="LinkPageTestCases" time="3.809"/>
  <system-out/>
</testsuite> <!-- ElementPageTestCases.LinkPageTC -->
