<?xml version="1.0" encoding="UTF-8"?>
<!-- Generated by org.testng.reporters.JUnitReportReporter -->
<testsuite hostname="DESKTOP-PN8R175" failures="0" tests="1" name="ElementPageTestCases.ButtonPageTC" time="0.881" errors="0" timestamp="2023-12-19T12:55:21 EST" skipped="0">
  <testcase classname="ElementPageTestCases.ButtonPageTC" name="ButtonPageTcClickInAnyOrder" time="0.881"/>
  <system-out/>
</testsuite> <!-- ElementPageTestCases.ButtonPageTC -->
