<?xml version="1.0" encoding="UTF-8"?>
<!-- Generated by org.testng.reporters.JUnitReportReporter -->
<testsuite hostname="DESKTOP-PN8R175" failures="0" tests="1" name="ElementPageTestCases.LinkPageTC" time="11.625" errors="0" timestamp="2023-12-19T20:19:19 EST" skipped="0">
  <testcase classname="ElementPageTestCases.LinkPageTC" name="LinkPageTestCases" time="11.625"/>
  <system-out/>
</testsuite> <!-- ElementPageTestCases.LinkPageTC -->
